<tr> \n
<td>bdns1</td><td>89074
</td><td>
3317
</td></tr>
<tr> \n
<td>bdns2</td><td>80668
</td><td>
3502
</td></tr>
<tr> \n
<td>bdns3</td><td>81426
</td><td>
3330
</td></tr>
<tr> \n
<td>bdns4</td><td>82830
</td><td>
3464
</td></tr>
<tr> \n
<td>bdns5</td><td>87771
</td><td>
3124
</td></tr>
<tr> \n
<td>bdns6</td><td>80746
</td><td>
3282
</td></tr>
<tr> \n
<td>bdns7</td><td>83826
</td><td>
3431
</td></tr>
<tr> \n
<td>bdns8</td><td>79703
</td><td>
3331
</td></tr>
<tr> \n
<td>bdns9</td><td>78638
</td><td>
3301
</td></tr>
<tr> \n
<td>bdns100</td><td>85066
</td><td>
3374
</td></tr>
<tr> \n
<td>bdns101</td><td>86285
</td><td>
3441
</td></tr>
<tr> \n
<td>bdns102</td><td>89946
</td><td>
3219
</td></tr>
<tr> \n
<td>bdns103</td><td>82852
</td><td>
3371
</td></tr>
<tr> \n
<td>bdns104</td><td>83840
</td><td>
3399
</td></tr>
<tr> \n
<td>bdns105</td><td>77311
</td><td>
3344
</td></tr>
<tr> \n
<td>bdns106</td><td>83123
</td><td>
3370
</td></tr>
<tr> \n
<td>bdns107</td><td>88098
</td><td>
3313
</td></tr>
<tr> \n
<td>bdns108</td><td>80642
</td><td>
3290
</td></tr>
<tr> \n
<td>bdns109</td><td>80373
</td><td>
3387
</td></tr>
<tr> \n
<td>bdns110</td><td>77809
</td><td>
3410
</td></tr>
<tr> \n
<td>bdns111</td><td>86095
</td><td>
3547
</td></tr>
<tr> \n
<td>bdns112</td><td>78771
</td><td>
3086
</td></tr>
<tr> \n
<td>bdns113</td><td>80991
</td><td>
3372
</td></tr>
<tr> \n
<td>bdns114</td><td>77198
</td><td>
3225
</td></tr>
</table>

</body>
</html>

