kama.co.il GOOD
leumiconsultant.co.il GOOD
caama.co.il GOOD
kaama.co.il GOOD
kamma.co.il GOOD
cama.org.il GOOD
camma.org.il GOOD
kamma.org.il GOOD
wallamobile.co.il GOOD
wallatickets.co.il GOOD
leumiblog.co.il GOOD
leumitech.co.il GOOD
pet.ac.il GOOD
leumi-card.co.il GOOD
leumi-card.net GOOD
leumi-card.com GOOD
leumicard.com GOOD
gift-card.org.il GOOD
giftcard.org.il GOOD
gift-card.org GOOD
gift-card.info GOOD
gift-card.co.il GOOD
pre-paid.co.il GOOD
giftcard.co.il GOOD
leumi-card.info GOOD
leumicard.info GOOD
leumi-card.biz GOOD
leumicard.biz GOOD
leumi-card.org.il GOOD
multi365.co.il GOOD
leumi-card-bills.co.il GOOD
leumicard.co.il GOOD
lc-hatavot.net GOOD
lc-hatavot.co.il GOOD
pinukyomi.com GOOD
pinukyomi.net GOOD
pinukyomi.biz GOOD
pinukyomi.co.il GOOD
gift-card.biz GOOD
lcws.co.il GOOD
wscard.co.il GOOD
worldsignia-il.co.il GOOD
world-signia.co.il GOOD
worldsignia.co.il GOOD
signia.co.il GOOD
lc-worldsignia.co.il GOOD
cashcard.co.il GOOD
travel-card.co.il: BAD
bistro-card.com GOOD
my-card.co.il GOOD
blue-card.co.il GOOD
lcipos.co.il GOOD
multi-credit.co.il GOOD
multicredit.co.il GOOD
multi-card.co.il GOOD
multicard.co.il GOOD
giftcardload.co.il GOOD
leumicardcharge.co.il GOOD
lcweb-stg.co.il GOOD
leumitech.com GOOD
nextopic.com GOOD
vocaltec.com GOOD
corrosion.org: BAD
mako-tv.co.il GOOD
makotv.co.il GOOD
keshetinternational.com GOOD
hamadpeset.co.il GOOD
eretzfeed.co.il GOOD
nexter.co.il GOOD
keshet.tv GOOD
hix.co.il GOOD
living.co.il GOOD
shironet.co.il GOOD
shiron.net GOOD
alexgilady.com GOOD
oheltov.com GOOD
ocheltov.com GOOD
ohel-tov.co.il GOOD
ochel-tov.co.il GOOD
oheltov.co.il GOOD
ocheltov.co.il GOOD
pzm.co.il GOOD
appband.co.il GOOD
9mon.co.il GOOD
fashionforward.co.il GOOD
keshetmediagroup.com GOOD
ninemonth.co.il GOOD
keshetmediagroup.org GOOD
keshetmediagroup.info GOOD
keshetmediagroup.net GOOD
makoland.co.il GOOD
biplab.co.il GOOD
sdom.co.il GOOD
maco.co.il GOOD
hatufim.co.il GOOD
prisonersofwar.co.il GOOD
celebsvip.co.il GOOD
music24.co.il GOOD
mako.co.il GOOD
keshet-tv.co.il GOOD
bip-tv.co.il GOOD
bip-tv.com GOOD
communikeshet.com GOOD
mooma.com GOOD
tv22.co.il GOOD
channel22.co.il GOOD
2222.co.il GOOD
keshet-tv.net GOOD
haambatia.co.il GOOD
haambatia.com GOOD
ambatia.com GOOD
22tv.mobi GOOD
k-tv.co.il GOOD
kvod.co.il GOOD
ktv.co.il GOOD
kmobile.co.il GOOD
k-net.co.il GOOD
myk.co.il GOOD
ikeshet.com GOOD
mooma.mobi GOOD
keshet-tv.mobi GOOD
keshet.mobi GOOD
bip.mobi GOOD
the-vault-game.com GOOD
hakasefet.com GOOD
hakasefet.co.il GOOD
bip.co.il GOOD
keshet-i.com GOOD
keshet-i.co.il GOOD
mooma.co.il GOOD
comkeshet.net GOOD
comkeshet.co.il GOOD
comkeshet.com GOOD
keshet-info.co.il GOOD
torino2006.co.il GOOD
keshetnet.tv GOOD
keshetnet.net GOOD
keshetnet.com GOOD
keshetnet.co.il GOOD
nehederet.tv GOOD
yomtov.tv GOOD
nehederet.co.il GOOD
lirkod.co.il GOOD
thebrain.co.il GOOD
keshet-tv.eu GOOD
keshet-tv.com GOOD
bankleumi.lu GOOD
leumi.lu GOOD
leumionline.com GOOD
leumi.com.ve GOOD
leumi.com.uy GOOD
leumi.com.pa GOOD
leumi.com.mx GOOD
leumi.com.ar: BAD
leumi.cl GOOD
leumi.ca GOOD
wee.co.il: BAD
leumitrade.com GOOD
leumitrade.co.il GOOD
leumi-ru.co.il GOOD
leumipay.co.il GOOD
leumileasing.co.il GOOD
leumiglobal.com GOOD
leumigemel.co.il GOOD
eshet-tours.com GOOD
aibank.co.il GOOD
blms.co.il GOOD
bll.co.il GOOD
bank-aravi-israeli.co.il GOOD
bankleumi.com GOOD
bankleumi.fr GOOD
bankleumiusa.com GOOD
hayashir.co.il GOOD
hibank.co.il GOOD
leumi.ch GOOD
galatz.co.il: BAD
glz.co.il: BAD
bankleumi.co.il GOOD
rstei.com GOOD
mashkanta.co.il GOOD
mashcanta.co.il GOOD
yashirl.co.il GOOD
yashirleumi.co.il GOOD
netafim.com.es GOOD
sweethome.co.il GOOD
hayashirharishon.co.il GOOD
quando-media.com GOOD
quando.co.il GOOD
dailyshops.co.il GOOD
absotec.co.il: BAD
jobcity.co.il GOOD
zahav.ru GOOD
vgames.co.il GOOD
leanisrael.co.il: BAD
camprock.co.il GOOD
ktantanim.co.il GOOD
tipo2.co.il GOOD
wallaprint.co.il GOOD
wallapay.co.il GOOD
cs4u.co.il GOOD
wallabit.co.il GOOD
koogleshops.co.il GOOD
wallashopsphoto.co.il GOOD
shopmind.co.il GOOD
wallashopsmail.co.il GOOD
u2d.co.il GOOD
xn--debadzg2b.co.il GOOD
xn--9dbchcvw5b.co.il GOOD
me-cellular.co.il GOOD
pelephone.tel GOOD
pelephone.org GOOD
nonstopmusix.co.il GOOD
pelefone.co.il GOOD
musix.co.il GOOD
pclwap.co.il GOOD
pelephone.mobi GOOD
pelefun.mobi GOOD
peleforce.mobi GOOD
pcl.mobi GOOD
pelephonedigital.co.il GOOD
xn--4dbktovc.co.il GOOD
pelebill.co.il GOOD
pelephone.net.il GOOD
3gtv.co.il GOOD
me-mobile.co.il GOOD
pcl.net.il GOOD
netstick.co.il GOOD
kenes.com GOOD
tipo.co.il GOOD
easy-sale.co.il: BAD
ezproxy.sce.ac.il: BAD
tenclick.co.il: BAD
sahar-group.co.il: BAD
iscar.com GOOD
alphagroup.co.il: BAD
globalpass.co.il GOOD
post.pelephone.co.il: BAD
pelephone.co.il GOOD
photopost.co.il: BAD
intercolony.com: BAD
straussgroupna.com GOOD
strauss-group.com GOOD
strauss-elite.co.il GOOD
strauss.co.il GOOD
elite.co.il GOOD
danonekenes.co.il GOOD
rut-flowers.co.il: BAD
carat.co.il: BAD
zoa.co.il: BAD
right-man.com: BAD
d-say.com: BAD
hostandfound.com: BAD
d-say.co.il: BAD
max-arim.co.il: BAD
jumbo.co.il GOOD
4sale.co.il GOOD
enterprice.co.il GOOD
d-s.co.il GOOD
big-electric.co.il GOOD
electrokubi.co.il GOOD
jtimes.co.il: BAD
makor1.co.il: BAD
gelt.co.il: BAD
sabotage.co.il: BAD
mobilano.co.il: BAD
nazarethchurches.com: BAD
hosen-re.co.il: BAD
therace.co.il: BAD
tipul-kasum.co.il: BAD
koomkoom.com: BAD
magor.co.il: BAD
vardiyoga.com: BAD
pluz.co.il: BAD
cuisinework.co.il: BAD
bikenwalk.org.il: BAD
groupel.co.il: BAD
babarzel.co.il: BAD
hostandfound.co.il: BAD
sbkholdings.co.il: BAD
flybook.co.il: BAD
jems.co.il: BAD
zafririm-group.com: BAD
5hapasim.co.il: BAD
gankfir.com: BAD
upper-west.co.il: BAD
bakarot.co.il: BAD
jerusalem.muni.il: BAD
gs07.com: BAD
alpha-group.co.il: BAD
amhold.com: BAD
aquarimat.com: BAD
zur-schools.co.il: BAD
tiptop10.co.il: BAD
meravglory.com: BAD
libman.co.il: BAD
a-geffen.com: BAD
ofek.ca: BAD
lunatiquefilms.com: BAD
ramims.com: BAD
speedm.co.il: BAD
om-d.co.il: BAD
special-sites.co.il GOOD
powder.co.il: BAD
digianalog.com: BAD
upr.co.il: BAD
myagents.co.il GOOD
tgirpanama.com: BAD
tgirpm.com: BAD
blochonline.com: BAD
mek.co.il GOOD
mekusharim.co.il GOOD
bartravel.com: BAD
tikrot.co.il: BAD
ral-investments.com: BAD
bablog.co.il: BAD
minsa.co.il: BAD
bmagnet.co.il: BAD
maga4u.co.il: BAD
nydesign.co.il: BAD
myslique.com: BAD
sapiens.com GOOD
yogiart.co.il: BAD
top-order.co.il: BAD
filcom.co.il: BAD
aviv-rothschild.co.il: BAD
falcom.co.il: BAD
kashi-digital.com: BAD
estitepper.com: BAD
amichai-tikva.co.il: BAD
medix-europe.com: BAD
maabada-studio.co.il: BAD
iccci.org.il: BAD
weetalk.co.il: BAD
autolandstore.com: BAD
km-invest.co.il: BAD
keshet-juice.co.il: BAD
tamars-design.co.il: BAD
union-d.com: BAD
shalomcohen.co.il: BAD
mezamer.co.il: BAD
chillout.co.il: BAD
loushy.com: BAD
carmicpa.org.il: BAD
israelfor-u.com: BAD
hydro-corp.com: BAD
spivak-consulting.com: BAD
granadis.com: BAD
music-gift.co.il: BAD
yamim.co.il: BAD
simple-il.co.il: BAD
shapir.biz: BAD
saronatlv.co.il: BAD
panatropolis.com: BAD
avivarlon.com: BAD
powderdance.co.il: BAD
snowpick.co.il: BAD
madonnadicampiglio.co.il: BAD
min-add.com: BAD
ischgl.co.il: BAD
bansko.co.il: BAD
xn--4dbidoa1am3b7a.com: BAD
xn----zhcocow5ai5d.com: BAD
valthorens.co.il: BAD
tignes.co.il: BAD
stanton.co.il: BAD
spindleruv.co.il: BAD
solden.co.il: BAD
sestriere.co.il: BAD
sellaronda.co.il: BAD
passotonale.co.il: BAD
mayrhofen.co.il: BAD
livigno.co.il: BAD
newoffice.co.il: BAD
lesarcs.co.il: BAD
tikgold.co.il: BAD
yapp.co.il: BAD
254.115.192.in-addr.arpa: BAD
shatilplus.org.il: BAD
katzman.co.il: BAD
252.115.192.in-addr.arpa: BAD
skaner.co.il: BAD
usajobs.co.il: BAD
Haya-havaya.co.il: BAD
omertv.com: BAD
buy3dglasses.co.il: BAD
star-motors.co.il: BAD
chagitsdesigning.com: BAD
etskadosh.co.il: BAD
trabelsiproductions.com: BAD
textileconciliation.com: BAD
lednet.co.il: BAD
zmaneshkol.co.il: BAD
back2yourself.com: BAD
bina.org.il: BAD
big4net.com: BAD
twistit.co.il: BAD
yehudapoliker.co.il: BAD
touchpoints.co.il: BAD
holding.co.il: BAD
strauss-elite.com: BAD
keepet.co.il: BAD
polikermusic.co.il: BAD
poliker.co.il: BAD
69.219.62.in-addr.arpa: BAD
cal1plus1.co.il: BAD
ahuzatpinukor.com: BAD
webadoo.co.il: BAD
uldenos.com: BAD
uma-gallery.com: BAD
zhk.co.il: BAD
playlistpro.co.il: BAD
vilonny.co.il: BAD
oak-systems.com GOOD
satshop.co.il GOOD
oak.co.il GOOD
vstudio.co.il: BAD
neodigital.co.il: BAD
mgt-connect.co.il: BAD
jiujitsu.co.il: BAD
studioba.co.il: BAD
kishkoosh.tv: BAD
hanexus.com: BAD
sport-tower.co.il: BAD
sela.com: BAD
adhaofek.co.il: BAD
eai-ins.co.il: BAD
lavido.co.il: BAD
mintmark.co.il GOOD
sandbox.co.il: BAD
maslavi.co.il: BAD
pet-bar.co.il: BAD
niradar.co.il: BAD
lauri-recanati-mosaics.com: BAD
sela-semi.co.il: BAD
miki.org.il: BAD
tikunolamisrael.org: BAD
volotsky.co.il: BAD
beit-gazit.co.il: BAD
n-heights.com: BAD
zeitouni-ltd.co.il: BAD
zeitouni.co.il: BAD
agnon11.co.il: BAD
defend-israel.org: BAD
adviser.co.il: BAD
djdotan-bpm.co.il: BAD
zedka.co.il: BAD
ziremp.com: BAD
usl.co.il: BAD
surrogatethemovie.com: BAD
staromedic.com: BAD
sptz.co.il: BAD
slique-epil.com: BAD
restat.co.il: BAD
polastudio.co.il: BAD
orendai.com: BAD
new4u.co.il: BAD
maayan-flowers.co.il: BAD
life-after.co.il: BAD
heatinaclick.fr: BAD
heatinaclick.ca: BAD
har-halutz.co.il: BAD
rose-c.co.il: BAD
account-it.co.il: BAD
accountit.co.il: BAD
sela-camtek.com GOOD
gonext.co.il GOOD
icomg.co.il: BAD
8nd-media.com: BAD
iol.co.il GOOD
newassuta.com: BAD
boombaframe.com: BAD
epyl.co.il: BAD
lightstreamisrael.com: BAD
ecocamel.co.il: BAD
epyl.net: BAD
novagroup.co.il: BAD
novalaser.co.il: BAD
talent-mg.com: BAD
talent-mg.co.il: BAD
mifrakim.co.il: BAD
ipost.co.il GOOD
pilpel.de: BAD
i-p-c.co.il: BAD
zapatos-mango.com: BAD
conscioustrain.com: BAD
klules.org.il: BAD
gulyarin.com: BAD
dogoodvision.com: BAD
lahitim.co.il: BAD
smiley-pet.com: BAD
smellypet-deadsea.com: BAD
a-frame.co.il: BAD
nashy.co.il: BAD
shapiro.co.il: BAD
ifast.co.il: BAD
mecanto.com: BAD
evolvemedia.co.il: BAD
mobile-lab.co.il: BAD
aharonson.co.il: BAD
aharonson-law.com: BAD
aharonson-law.co.il: BAD
sweetali.com: BAD
mymove.co.il: BAD
movecenter.co.il: BAD
alargazim.co.il: BAD
theplace.org.il: BAD
heshe.co.il: BAD
mitcham-keren.com: BAD
229.218.81.in-addr.arpa GOOD
nativ-ishi.co.il: BAD
licoach4u.co.il: BAD
tal-azulay.com: BAD
tnuva-ramadan.co.il: BAD
igoo.co.il: BAD
style4success.co.il: BAD
tomdesign.co.il: BAD
yachtsconsulting.com: BAD
smart-id.biz: BAD
ohel16.co.il: BAD
greenram.co.il: BAD
liftupyourheadministries.com: BAD
soil.co.il: BAD
templers.co.il: BAD
ncmp.co.il: BAD
sitename.info: BAD
roeiezra.com: BAD
migdalgemel.co.il GOOD
tvclick.co.il: BAD
blogday.org: BAD
ispot.co.il: BAD
shahaf-ltd.com: BAD
reshatot.co.il: BAD
rahitimshop.co.il: BAD
camtek.be GOOD
dbisrael.co.il GOOD
dundb.co.il GOOD
ispel.co.il: BAD
malam-team.co.il GOOD
usaddress.com: BAD
dolphinexpress.com: BAD
usaddress.co.il: BAD
ushops.co.il: BAD
lidor.com: BAD
tevat-noah.co.il: BAD
onewstudies.com: BAD
qube.co.il: BAD
aristobilliard.com: BAD
astelo.co.il: BAD
yo-go.co.il: BAD
misslink.tv: BAD
waveguidetech.com: BAD
shkoof.com: BAD
chayes.co.il: BAD
sujokclub.com: BAD
b-online.co.il: BAD
unreleased.co.il: BAD
unr.co.il: BAD
mashko.com: BAD
rahitim.co.il: BAD
studentit.co.il: BAD
152-159.16.219.62.in-addr.arpa: BAD
interjet.co.il: BAD
erh.co.il: BAD
minymo.com: BAD
rapmitzva.com: BAD
seireiroad.com: BAD
shalom-nathan.co.il: BAD
specialmusic.co.il: BAD
wine-more.com: BAD
stormofemotions.com: BAD
seaone.co.il: BAD
mechanix.co.il: BAD
efgad-aquarelle.co.il: BAD
douglas.co.il: BAD
uniqsys.co.il: BAD
om-d.com: BAD
netproil.com: BAD
mak-il.com: BAD
iofek.co.il: BAD
american-colony.com: BAD
american-colony.co.il: BAD
nonlinear-tech.com: BAD
trustpro.co.il: BAD
iocjob.co.il: BAD
gvitown.ro: BAD
michelson.co.il: BAD
frenchy.co.il: BAD
frenchie.co.il: BAD
oxenergy.co.il: BAD
ceramicam.com: BAD
ceramicam.co.il: BAD
invgroup.co.il: BAD
virustv.co.il: BAD
virus-tv.co.il: BAD
wineandmore.co.il: BAD
hd-law.co.il: BAD
ngsoft.co.il: BAD
avney-tal.co.il: BAD
lironbreier.co.il: BAD
securetrends.co.il: BAD
acp.ro: BAD
dlv-77.com: BAD
dk-ts.com: BAD
pixeldelight.co.il: BAD
pixel-delight.co.il: BAD
bkarc.com: BAD
secured.rahitim.co.il: BAD
iclights.co.il: BAD
chosen-spine.co.il: BAD
vbrnet.com: BAD
horimin.co.il: BAD
hpa.co.il: BAD
dekeltech.com: BAD
ecotop-at.com: BAD
ecotop-at.co.il: BAD
media-tech.co.il: BAD
down43.co.il: BAD
avitattoo.co.il: BAD
yossib.co.il: BAD
icareabout.co.il: BAD
bibilon.co.il: BAD
princessandfrog.co.il: BAD
swellyachting.com: BAD
educare.co.il: BAD
inmotion-med.com: BAD
re-vital.com: BAD
athelos.co.il: BAD
filminginisrael.com: BAD
b-graph.com GOOD
bgraph.net GOOD
bgraph.co.il GOOD
alimilk.com: BAD
magicgarden.co.il: BAD
newmediagroup.co.il: BAD
century21israel.com: BAD
galitkar.co.il: BAD
arc-deco.com: BAD
fdsystems-inc.com: BAD
copro.co.il: BAD
openspace.co.il: BAD
kerenalouf.co.il: BAD
springroup.com: BAD
kashtangroup.co.il: BAD
kashtangroup.com: BAD
darling.org.il: BAD
indizengoff.com: BAD
artofnet.net: BAD
m-room.co.il: BAD
baraksoft.co.il GOOD
cs.colman.ac.il: BAD
ariely.co.il: BAD
118.66.195.in-addr.arpa: BAD
39.211.207.in-addr.arpa: BAD
precise.com: BAD
extrabagalil.co.il: BAD
inspectech.co.il GOOD
camtekusa.com GOOD
camtekorea.co.kr GOOD
camtek.asia GOOD
camtek.jp GOOD
camtek.com.hk GOOD
yael-eng.co.il: BAD
primesense.com: BAD
theyonyway.com: BAD
colombusbay.com: BAD
colombus-bay.com: BAD
topaztowers.com: BAD
doit-kitchens.co.il: BAD
smig.co.il: BAD
vcard.co.il: BAD
levhapark.co.il: BAD
brenner4.co.il: BAD
meieronrothchild.co.il: BAD
bhbarcode.com: BAD
brenner-residence.co.il: BAD
meier.co.il: BAD
dialcom.co.il: BAD
paper-design.com: BAD
mdesign-ltd.co.il: BAD
feestook.com: BAD
232.80.82.in-addr.arpa: BAD
wallajobs.co.il GOOD
ac.sce.ac.il: BAD
kotik-design.com: BAD
mediaplay.co.il: BAD
pirsumferera.co.il: BAD
iradmusic.com: BAD
tcb.ac.il GOOD
86.219.62.in-addr.arpa GOOD
shavit-inc.co.il: BAD
polikerart.co.il: BAD
dalton-winery.com: BAD
caricature-online.com: BAD
fuelcat-israel.com: BAD
polikerart.com: BAD
vetrinar4u.com: BAD
vendors.co.il: BAD
urikaner.co.il: BAD
theterraces.co.il: BAD
tali-d.co.il: BAD
smarter-mag.co.il: BAD
schechner-eng.co.il: BAD
rozio-estate.co.il: BAD
ronitnafshi.com: BAD
rioabierto.co.il: BAD
ri2000.co.il: BAD
polaros.com: BAD
muh.co.il: BAD
magnolya.co.il: BAD
lifesaving-systems.com: BAD
kapuano.co.il: BAD
israelinitiative.org: BAD
islandtower.co.il: BAD
ipea.co.il: BAD
indik.co.il: BAD
homecoaching.co.il: BAD
gohost.co.il: BAD
godjets.com: BAD
gindiheights.co.il: BAD
familyconstellations.co.il: BAD
fairplanet.org: BAD
eitan-tours.com: BAD
d-o-c.co.il: BAD
cvblog.co.il: BAD
crete-tour.co.il: BAD
bayocoating.com: BAD
armadillofurnishings.com: BAD
adico.co.il: BAD
2people.co.il: BAD
162.195.91.in-addr.arpa GOOD
jerusalemblog.co.il: BAD
jblog.co.il: BAD
b4life.co.il: BAD
oforiabwicked.com: BAD
avivit.co.il: BAD
bluetelaviv.com: BAD
blue-telaviv.com: BAD
64.46.193.in-addr.arpa: BAD
malam.com GOOD
terra-ri.com: BAD
fastair-ltd.com: BAD
icoi.co.il: BAD
h-sally.com: BAD
irinaparadiso.com: BAD
enoteca.co.il: BAD
pixel-delight.com: BAD
colosseum.co.il: BAD
forumblack.co.il: BAD
israelpost.co.il GOOD
postil.com GOOD
efgad-aviv.co.il: BAD
ofer-g.co.il: BAD
kis-systems.co.il: BAD
pc-systems.info: BAD
milestones-tech.com: BAD
newacropolis.org: BAD
econlegal.com: BAD
tictax.co.il: BAD
myshland.com: BAD
icschool.co.il: BAD
antokolsky.co.il: BAD
loger.co.il: BAD
obradearte.co.il: BAD
greenono.co.il: BAD
green-gilatz.co.il: BAD
aloney-gilatz.co.il: BAD
the-village.co.il: BAD
erezgolan.com: BAD
camtek.tw GOOD
inlaser.co.il: BAD
ehpro.co.il: BAD
tzofit.co.il GOOD
bardagroup.com: BAD
abcandmore.com: BAD
epncranes.com: BAD
migdalmakefet.co.il GOOD
brbrothers.co.il: BAD
arnonavalley.co.il: BAD
hagarsatat.com: BAD
dbcredit.co.il GOOD
oceangreen-estates.com: BAD
dor-atid.org.il: BAD
freestyle8.com: BAD
octopusdjs.co.il: BAD
safetyline.co.il: BAD
hamzuzim.co.il: BAD
g-yafit.co.il: BAD
kenyon-motors.co.il: BAD
city-park.co.il: BAD
aviram-a.co.il: BAD
gorali.co.il: BAD
goldtik.co.il: BAD
h-zaken.co.il: BAD
amutatela.com: BAD
pronamel.co.il: BAD
kvo.co.il: BAD
cassiopea.co.il: BAD
homeopathic-cures.com: BAD
roof.co.il: BAD
ictm.co.il: BAD
afumati8082.ro: BAD
ah-cpa.co.il: BAD
leumi.co.il GOOD
ptr.jajah.com: BAD
eco-group.co.il: BAD
purity.co.il: BAD
ela-zahav.com: BAD
hana-naveh.com: BAD
beecontact.co.il: BAD
plastro.com.es: BAD
feet.co.il: BAD
hamutagim.co.il: BAD
office-gl.co.il: BAD
indik.net: BAD
ayeletshemesh.com: BAD
ufa.co.il: BAD
nsicom.co.il: BAD
gaya-vc.com: BAD
tiangui.co.il: BAD
emt-in.co.il: BAD
superdesign.co.il: BAD
analoghouse.net: BAD
space-scouts.com: BAD
yozmot-env.com: BAD
agropeace.com: BAD
wikiit.co.il: BAD
nova-acropole.pt: BAD
snasiadiamonds.com: BAD
sn-asia.com: BAD
plastro.com.tr: BAD
tweegee.ru: BAD
gindiholdings.com: BAD
plastro.com: BAD
gindiholdings.co.il: BAD
onetower.co.il: BAD
suki-unikat.com: BAD
shelah.co.il: BAD
nuevaacropolis.net: BAD
nuevaacropolis.org: BAD
nuevaacropolis.com: BAD
homeopatica.org: BAD
buddhism-israel.org: BAD
art-ohel.org: BAD
acropolis.org.ec: BAD
acropolis.or.cr: BAD
olol.co.il: BAD
91.118.192.in-addr.arpa: BAD
90.118.192.in-addr.arpa: BAD
89.118.192.in-addr.arpa: BAD
88.118.192.in-addr.arpa: BAD
tweegi.com: BAD
lifesaving.co.il: BAD
you-niversity.com GOOD
selagroup.co.il: BAD
5.194.91.in-addr.arpa: BAD
4.194.91.in-addr.arpa: BAD
applisec.com: BAD
selagroup.com GOOD
selalabs.com: BAD
sela.co.il GOOD
sela-labs.co.il: BAD
selalabs.co.il: BAD
selayouniversity.co.il: BAD
virtue-sense.com: BAD
linkgene.com: BAD
logray.com: BAD
hakrayot.co.il: BAD
calanitbm.com: BAD
telhai.ac.il GOOD
gateways.co.il: BAD
d-erets.co.il: BAD
gan-derecheretz.co.il: BAD
pilpelcatering.co.il: BAD
hev.co.il: BAD
zvi-naveh.com: BAD
tvngo.com: BAD
migdalonline.com GOOD
migdalonline.co.il GOOD
migdal-direct.co.il GOOD
life-insurance.co.il GOOD
migdalim.co.il GOOD
migdaldirect.co.il GOOD
go-agents.co.il GOOD
hamsin.co.il: BAD
the-seller.net: BAD
g-telaviv.co.il: BAD
camtek.co.il GOOD
jetro.org.il: BAD
yankale.com: BAD
grapaes.com: BAD
e-quip.co.il: BAD
miriart.com: BAD
carmelasegev.co.il: BAD
tirgumit.co.il: BAD
carmela-segev.co.il: BAD
goldberg-law.co.il: BAD
dona.co.il: BAD
itcom.co.il: BAD
pastelmovies.co.il: BAD
milomanagement.com: BAD
oxyfresh.co.il: BAD
Icshop.co.il: BAD
dpemed.com: BAD
anavi.com: BAD
mivzak.com GOOD
burgeranch.co.il: BAD
exp.co.il: BAD
media-one.co.il: BAD
22.mobi: BAD
keshet.eu: BAD
tocs.biz: BAD
foromblack.co.il: BAD
hamaarav.co.il: BAD
bizclick.co.il: BAD
duckcover.com: BAD
12000.cz: BAD
aonline.co.il GOOD
zmorawinery.com: BAD
yekevzmora.com: BAD
yekevzmora.co.il: BAD
sharet43.com: BAD
aviroait.com: BAD
gosms.net: BAD
hilanet.co.il GOOD
priza.co.il GOOD
plastro.es: BAD
usbtv.org: BAD
euromediatraffic.com: BAD
redkingcasino.com: BAD
31621277227.com: BAD
eroticaclub.com: BAD
evaentoine.com: BAD
bluedogmobilesolutions.com: BAD
gambledaily.com: BAD
toinerodenburg.com: BAD
447811205586.com: BAD
59995290808.com: BAD
mobival.com: BAD
siltech.co.il GOOD
33.250.195.in-addr.arpa GOOD
aquadoc-plastro.fr: BAD
253.80.82.in-addr.arpa GOOD
19.219.62.in-addr.arpa: BAD
ihud-yashir.co.il GOOD
netafim.co.il GOOD
netafim.com GOOD
tzidon.com: BAD
tzidon.co.il: BAD
kishi.co.il: BAD
m-sys.eu: BAD
m-systems.eu: BAD
mmar.es: BAD
homeness.co.il: BAD
oforia.com: BAD
lehi.org.il: BAD
plastro.com.fr: BAD
exceldata.es: BAD
220.10.195.in-addr.arpa: BAD
msystems.org: BAD
mysystems.com: BAD
ativasupport.net: BAD
kishurim.net: BAD
ngserv.net: BAD
cafenoir.co.il: BAD
netanya.ac.il GOOD
walashops.co.il GOOD
wallashop.co.il GOOD
yoram.co.il GOOD
wallashops.co.il GOOD
migdal-desk.co.il GOOD
ness-cpo.com GOOD
migdal-group.co.il GOOD
migdal-agents.co.il GOOD
migdal.co.il GOOD
home.sce.ac.il: BAD
home.tcb.ac.il: BAD
msystems.com: BAD
nnhdiamonds.com: BAD
255.115.192.in-addr.arpa: BAD
253.115.192.in-addr.arpa: BAD
r2000.co.il: BAD
radio2000.co.il: BAD
securityvip.net: BAD
gmtonline.biz: BAD
yosefperez.com: BAD
bwicked.net: BAD
whiteline.co.il: BAD
gmtonline.co.il GOOD
minetomine.com: BAD
wallabuy.co.il GOOD
polydiamonds.com: BAD
fly.org.il: BAD
a-online.co.il GOOD
bull.co.il: BAD
fancycoloursltd.com: BAD
fancycolours-asia.com: BAD
brilliant-rose.com: BAD
a-online.info: BAD
a-online.org: BAD
a-online.org.il: BAD
aonline.org.il: BAD
aerobatics.org.il: BAD
aerobatics.co.il: BAD
gosms.com: BAD
gosms.de: BAD
mivzak.info: BAD
mivzak.co.il: BAD
petcare.co.il: BAD
superanalyst.de: BAD
superanalyst.com: BAD
miv.co.il: BAD
ticker.co.il: BAD
tol.co.il: BAD
zmorawinery.co.il: BAD
107.115.192.in-addr.arpa GOOD
softwarehouse.co.il: BAD
lsdco.com: BAD
gw-4u.com: BAD
horizonsemi.com: BAD
speeda.co.il: BAD
sibel.co.il GOOD
thechosen.co.il: BAD
peligon.com: BAD
walla.com GOOD
bizportal.co.il GOOD
tlv.co.il GOOD
faxdin.co.il GOOD
din.co.il GOOD
secadmin.org: BAD
d-magic.org: BAD
83.118.192.in-addr.arpa GOOD
82.118.192.in-addr.arpa GOOD
71.118.192.in-addr.arpa GOOD
70.118.192.in-addr.arpa GOOD
69.118.192.in-addr.arpa GOOD
68.118.192.in-addr.arpa GOOD
167.28.195.in-addr.arpa: BAD
native-data.co.il: BAD
netmax.co.il: BAD
m-systems.co.jp: BAD
m-systems.jp: BAD
gaytech.co.il: BAD
walla.net.il GOOD
mail.co.il GOOD
teletel.co.il GOOD
walla.co.il GOOD
ihennig.com: BAD
xkey.jp: BAD
xkey.co.nz: BAD
msys.co.il: BAD
xkey.co.il: BAD
fortress.co.il: BAD
extendingbusiness.com: BAD
xkey.biz: BAD
key-computing.com: BAD
key-computer.com: BAD
m-sys.biz: BAD
megasimcard.com: BAD
trueffs.com: BAD
xkey.com: BAD
usbsmartcaps.com: BAD
usbcaps.com: BAD
usb-local.com: BAD
usb-embed.com: BAD
ufdsmartcaps.com: BAD
ufdcaps.com: BAD
u3a.org: BAD
smartdiskonkey.com: BAD
seasidesw.com: BAD
personalserver.org: BAD
mobilediskonchip.com: BAD
minimepc.com: BAD
mdisk.org: BAD
m-systems.com: BAD
m-sys.com: BAD
m-disk.org: BAD
local-usb.com: BAD
hiperexchange.com: BAD
flashmemory.org: BAD
flashdisk.org: BAD
eusb.org: BAD
embedded-usb.org: BAD
embed-usb.com: BAD
e-usb.org: BAD
diskonkeypro.org: BAD
diskonkeypro.net: BAD
diskonkey-pro.net: BAD
diskonkey-pro.com: BAD
diskonkeypro.com: BAD
diskonkey.org: BAD
diskonkey.net: BAD
diskonkey.com: BAD
diskonkey.cc: BAD
diskonkey-pro.org: BAD
diskonchip.com: BAD
cwo.co.il: BAD
sce.ac.il GOOD
tecnomatix.com: BAD
hashavim-hilan.co.il GOOD
e-and-c.com: BAD
adthinking.com: BAD
publishereport.com: BAD
publisherreport.com: BAD
payclicks.org: BAD
payclicks.us: BAD
clickspay.net: BAD
perclicks.net: BAD
payperweb.us: BAD
rateclicks.com: BAD
ourclicks.com: BAD
worldonlineadvertising.com: BAD
aboutonlineadvertising.com: BAD
payperclickmail.com: BAD
payperclicktracking.com: BAD
update.co.il: BAD
cool-marketing.com: BAD
pmp-services.com: BAD
magicsoftware.com: BAD
magic-sw.com: BAD
magic.co.il GOOD
magicecontact.com: BAD
magiceservice.com: BAD
magicsoftware.co.il GOOD
ibolt-eai.com: BAD
imc-companies.com GOOD
market.com: BAD
40.80.82.in-addr.arpa: BAD
4down.com: BAD
rcstechnologies.com: BAD
retailcontrolsystems.com: BAD
bassinc.com: BAD
mediatek-college.com: BAD
2bmcse.co.il: BAD
atec.co.il: BAD
palmpoint.co.il: BAD
netpoint.co.il: BAD
posi.co.il: BAD
ntpoint.com: BAD
firstec.co.il: BAD
firstech.co.il: BAD
firsttec.co.il: BAD
firsttech.co.il: BAD
intratech.co.il: BAD
il.precise.com: BAD
datarecovery.co.il: BAD
matrixit.co.il: BAD
pregister.co.il: BAD
xweb.co.il: BAD
regard.co.il: BAD
precisesoft.co.il: BAD
turboimage.com: BAD
incognitomusic.co.il: BAD
illusions.co.il: BAD
pascal.co.il: BAD
mentasoftware.com: BAD
imatixgroup.com: BAD
imatix-group.com: BAD
beconnected.co.il: BAD
be-connected.co.il: BAD
b-connected.net: BAD
u-pack.co.il: BAD
apolon.co.il: BAD
ypipce.org.il: BAD
class-sport.co.il: BAD
jlm-apartments.co.il: BAD
etzelavner.co.il: BAD
aquarius.co.il: BAD
1stwebcasino.com: BAD
wildjackcasino.com: BAD
wildjackscasino.com: BAD
infinia.com: BAD
upsidecasino.com: BAD
ioh.co.il: BAD
moked-ip.co.il: BAD
chromatis.com: BAD
classiclub.org: BAD
hackers.co.il: BAD
yaar.net: BAD
yarom.org: BAD
avivit.conf: BAD
sifroni.co.il: BAD
hasama.co.il: BAD
universaleagle.com: BAD
cdqmj.com: BAD
mekif-h.beersheva.k12.il: BAD
tcb-eng.ac.il: BAD
nace.ac.il: BAD
pilatprojects.com: BAD
magicapps.com: BAD
magicapplications.com: BAD
bombila.co.il: BAD
easysqueeze.com: BAD
itrancomm.com: BAD
nsicom.com: BAD
imc.co.il GOOD
iscar.co.il GOOD
etm.co.il GOOD
nsi.co.il: BAD
perfectotech.com: BAD
ramat-gan.k12.il: BAD
jackpotradio.com: BAD
jackpotmadness.com: BAD
winopolis.co.il: BAD
bugasa.net: BAD
911greencard.com: BAD
911visa.com: BAD
911greencard.us: BAD
diversityvisausa.org: BAD
freelancer.org.il: BAD
usadv.co.il: BAD
diversityvisausa.com: BAD
drfluency.com: BAD
malma.co.il: BAD
talgolan.co.il: BAD
rats.co.il: BAD
dietclub.co.il: BAD
princetahina.com: BAD
blueline.co.il: BAD
kazaz.co.il: BAD
ios.co.il: BAD
jobline.co.il: BAD
flextronics.co.il GOOD
networkprivacy.com GOOD
hebux.com: BAD
pent900.com: BAD
hilan.co.il GOOD
hilantech.co.il GOOD
sachar.co.il GOOD
optibit.co.il GOOD
hilan-tech.co.il GOOD
securetrend.co.il: BAD
stamtest5.com: BAD
test24.com: BAD
test80.com: BAD
test81.com: BAD
0-63.6.219.62.in-addr.arpa: BAD
193-254.8.80.82.in-addr.arpa: BAD
32-39.196.80.82.in-addr.arpa: BAD
164.227.91.in-addr.arpa: BAD
111.135.91.in-addr.arpa: BAD
education.gov.il GOOD
edu.gov.il GOOD
hinuchm.k12.il GOOD
hinucht.k12.il GOOD
hmtest.k12.il GOOD
httest.k12.il GOOD
edu-negev.gov.il GOOD
portal.k12.il GOOD
talmidim.org.il GOOD
moe.gov.il GOOD
manbas.k12.il GOOD
hmdev.k12.il GOOD
maalot-ins.co.il GOOD
myagam.co.il GOOD
neemanut.co.il GOOD
trading.co.il GOOD
trust.co.il GOOD
yashir1.co.il GOOD
israelhome.org: BAD
